<?xml version="1.0" encoding="UTF-8"?>
<!-- Generated by org.testng.reporters.JUnitReportReporter -->
<testsuite skipped="0" hostname="Avi" name="Automation.Test121" tests="1" failures="0" timestamp="2023-03-16T21:26:30 IST" time="0.028" errors="0">
  <testcase name="AWE" time="0.028" classname="Automation.Test121"/>
  <system-out/>
</testsuite> <!-- Automation.Test121 -->
