<?xml version="1.0" encoding="UTF-8"?>
<!-- Generated by org.testng.reporters.JUnitReportReporter -->
<testsuite skipped="0" hostname="Avi" name="Framework.testng" tests="4" failures="0" timestamp="2023-03-16T18:47:25 IST" time="0.040" errors="0">
  <testcase name="userlogin" time="0.008" classname="Framework.testng"/>
  <system-out/>
  <testcase name="m2" time="0.019" classname="Framework.testng"/>
  <system-out/>
  <testcase name="m3" time="0.006" classname="Framework.testng"/>
  <system-out/>
  <testcase name="m4" time="0.007" classname="Framework.testng"/>
  <system-out/>
</testsuite> <!-- Framework.testng -->
